mode: set
github.com/datarootsio/cheek/pkg/http.go:24.19,26.16 2 1
github.com/datarootsio/cheek/pkg/http.go:30.2,30.13 1 1
github.com/datarootsio/cheek/pkg/http.go:26.16,28.3 1 0
github.com/datarootsio/cheek/pkg/http.go:33.43,37.75 2 1
github.com/datarootsio/cheek/pkg/http.go:45.2,45.76 1 1
github.com/datarootsio/cheek/pkg/http.go:52.2,58.12 5 1
github.com/datarootsio/cheek/pkg/http.go:37.75,40.59 3 1
github.com/datarootsio/cheek/pkg/http.go:40.59,42.4 1 0
github.com/datarootsio/cheek/pkg/http.go:45.76,47.54 2 1
github.com/datarootsio/cheek/pkg/http.go:47.54,49.4 1 0
github.com/datarootsio/cheek/pkg/http.go:62.26,70.2 4 1
github.com/datarootsio/cheek/pkg/http.go:72.72,74.54 1 1
github.com/datarootsio/cheek/pkg/http.go:74.54,78.10 3 1
github.com/datarootsio/cheek/pkg/http.go:88.3,92.59 4 0
github.com/datarootsio/cheek/pkg/http.go:78.10,82.60 4 1
github.com/datarootsio/cheek/pkg/http.go:85.4,85.10 1 1
github.com/datarootsio/cheek/pkg/http.go:82.60,84.5 1 0
github.com/datarootsio/cheek/pkg/http.go:92.59,94.4 1 0
github.com/datarootsio/cheek/pkg/http.go:98.67,100.54 1 1
github.com/datarootsio/cheek/pkg/http.go:100.54,108.45 5 1
github.com/datarootsio/cheek/pkg/http.go:120.3,121.25 2 1
github.com/datarootsio/cheek/pkg/http.go:124.3,128.17 3 1
github.com/datarootsio/cheek/pkg/http.go:133.3,140.18 2 1
github.com/datarootsio/cheek/pkg/http.go:149.3,150.17 2 1
github.com/datarootsio/cheek/pkg/http.go:108.45,111.11 3 1
github.com/datarootsio/cheek/pkg/http.go:111.11,114.5 2 1
github.com/datarootsio/cheek/pkg/http.go:114.10,116.5 1 0
github.com/datarootsio/cheek/pkg/http.go:121.25,123.4 1 0
github.com/datarootsio/cheek/pkg/http.go:128.17,131.4 2 0
github.com/datarootsio/cheek/pkg/http.go:140.18,143.29 1 1
github.com/datarootsio/cheek/pkg/http.go:146.4,146.26 1 1
github.com/datarootsio/cheek/pkg/http.go:143.29,145.5 1 0
github.com/datarootsio/cheek/pkg/http.go:150.17,153.4 2 0
github.com/datarootsio/cheek/pkg/job.go:56.36,58.2 1 1
github.com/datarootsio/cheek/pkg/job.go:60.30,64.16 3 1
github.com/datarootsio/cheek/pkg/job.go:68.2,70.53 2 1
github.com/datarootsio/cheek/pkg/job.go:64.16,67.3 2 0
github.com/datarootsio/cheek/pkg/job.go:70.53,72.3 1 0
github.com/datarootsio/cheek/pkg/job.go:75.40,82.2 3 1
github.com/datarootsio/cheek/pkg/job.go:84.63,89.26 4 1
github.com/datarootsio/cheek/pkg/job.go:109.2,109.11 1 1
github.com/datarootsio/cheek/pkg/job.go:89.26,91.10 1 1
github.com/datarootsio/cheek/pkg/job.go:99.3,101.21 2 1
github.com/datarootsio/cheek/pkg/job.go:104.3,106.22 3 1
github.com/datarootsio/cheek/pkg/job.go:92.19,93.31 1 1
github.com/datarootsio/cheek/pkg/job.go:94.11,95.67 1 0
github.com/datarootsio/cheek/pkg/job.go:101.21,102.9 1 1
github.com/datarootsio/cheek/pkg/job.go:112.54,120.24 5 1
github.com/datarootsio/cheek/pkg/job.go:136.2,137.26 2 1
github.com/datarootsio/cheek/pkg/job.go:141.2,142.28 2 1
github.com/datarootsio/cheek/pkg/job.go:150.2,154.16 4 1
github.com/datarootsio/cheek/pkg/job.go:168.2,168.35 1 1
github.com/datarootsio/cheek/pkg/job.go:177.2,180.11 3 1
github.com/datarootsio/cheek/pkg/job.go:121.9,125.20 4 1
github.com/datarootsio/cheek/pkg/job.go:128.3,128.12 1 1
github.com/datarootsio/cheek/pkg/job.go:129.9,130.35 1 1
github.com/datarootsio/cheek/pkg/job.go:131.10,132.53 1 1
github.com/datarootsio/cheek/pkg/job.go:125.20,127.4 1 1
github.com/datarootsio/cheek/pkg/job.go:137.26,139.3 1 1
github.com/datarootsio/cheek/pkg/job.go:143.12,144.17 1 1
github.com/datarootsio/cheek/pkg/job.go:145.10,146.44 1 1
github.com/datarootsio/cheek/pkg/job.go:154.16,155.20 1 1
github.com/datarootsio/cheek/pkg/job.go:158.3,161.17 3 1
github.com/datarootsio/cheek/pkg/job.go:165.3,165.12 1 1
github.com/datarootsio/cheek/pkg/job.go:155.20,157.4 1 1
github.com/datarootsio/cheek/pkg/job.go:161.17,163.4 1 0
github.com/datarootsio/cheek/pkg/job.go:168.35,169.49 1 0
github.com/datarootsio/cheek/pkg/job.go:174.3,174.12 1 0
github.com/datarootsio/cheek/pkg/job.go:169.49,172.4 2 0
github.com/datarootsio/cheek/pkg/job.go:183.30,187.16 4 1
github.com/datarootsio/cheek/pkg/job.go:190.2,190.14 1 1
github.com/datarootsio/cheek/pkg/job.go:187.16,189.3 1 0
github.com/datarootsio/cheek/pkg/job.go:193.40,194.18 1 1
github.com/datarootsio/cheek/pkg/job.go:200.2,200.12 1 1
github.com/datarootsio/cheek/pkg/job.go:194.18,196.29 2 1
github.com/datarootsio/cheek/pkg/job.go:196.29,198.4 1 1
github.com/datarootsio/cheek/pkg/job.go:203.39,207.24 3 1
github.com/datarootsio/cheek/pkg/job.go:224.2,226.35 2 1
github.com/datarootsio/cheek/pkg/job.go:237.2,237.36 1 1
github.com/datarootsio/cheek/pkg/job.go:250.2,250.11 1 1
github.com/datarootsio/cheek/pkg/job.go:208.12,211.30 3 1
github.com/datarootsio/cheek/pkg/job.go:215.13,218.30 3 1
github.com/datarootsio/cheek/pkg/job.go:211.30,214.4 2 1
github.com/datarootsio/cheek/pkg/job.go:218.30,221.4 2 1
github.com/datarootsio/cheek/pkg/job.go:226.35,230.31 4 1
github.com/datarootsio/cheek/pkg/job.go:230.31,233.4 2 1
github.com/datarootsio/cheek/pkg/job.go:237.36,240.50 3 1
github.com/datarootsio/cheek/pkg/job.go:240.50,243.18 3 1
github.com/datarootsio/cheek/pkg/job.go:246.4,246.123 1 1
github.com/datarootsio/cheek/pkg/job.go:243.18,245.5 1 0
github.com/datarootsio/cheek/pkg/job.go:253.59,254.18 1 1
github.com/datarootsio/cheek/pkg/job.go:258.2,259.16 2 1
github.com/datarootsio/cheek/pkg/job.go:262.2,262.27 1 1
github.com/datarootsio/cheek/pkg/job.go:254.18,256.3 1 1
github.com/datarootsio/cheek/pkg/job.go:259.16,261.3 1 0
github.com/datarootsio/cheek/pkg/job.go:265.41,267.29 2 1
github.com/datarootsio/cheek/pkg/job.go:270.2,270.10 1 1
github.com/datarootsio/cheek/pkg/job.go:267.29,269.3 1 0
github.com/datarootsio/cheek/pkg/job.go:274.96,276.16 2 1
github.com/datarootsio/cheek/pkg/job.go:280.2,280.29 1 1
github.com/datarootsio/cheek/pkg/job.go:288.2,288.87 1 0
github.com/datarootsio/cheek/pkg/job.go:276.16,279.3 2 0
github.com/datarootsio/cheek/pkg/job.go:280.29,281.26 1 1
github.com/datarootsio/cheek/pkg/job.go:281.26,285.4 3 1
github.com/datarootsio/cheek/pkg/schedule.go:30.26,36.6 5 1
github.com/datarootsio/cheek/pkg/schedule.go:36.6,37.10 1 1
github.com/datarootsio/cheek/pkg/schedule.go:38.19,39.29 1 1
github.com/datarootsio/cheek/pkg/schedule.go:52.22,54.10 2 1
github.com/datarootsio/cheek/pkg/schedule.go:39.29,40.21 1 1
github.com/datarootsio/cheek/pkg/schedule.go:43.5,45.12 2 1
github.com/datarootsio/cheek/pkg/schedule.go:40.21,41.14 1 1
github.com/datarootsio/cheek/pkg/schedule.go:45.12,46.26 1 1
github.com/datarootsio/cheek/pkg/schedule.go:46.26,48.7 1 1
github.com/datarootsio/cheek/pkg/schedule.go:61.78,64.16 3 1
github.com/datarootsio/cheek/pkg/schedule.go:74.2,74.12 1 1
github.com/datarootsio/cheek/pkg/schedule.go:64.16,67.17 3 1
github.com/datarootsio/cheek/pkg/schedule.go:70.3,70.30 1 1
github.com/datarootsio/cheek/pkg/schedule.go:67.17,69.4 1 0
github.com/datarootsio/cheek/pkg/schedule.go:71.8,73.3 1 1
github.com/datarootsio/cheek/pkg/schedule.go:77.45,79.16 2 1
github.com/datarootsio/cheek/pkg/schedule.go:83.2,85.53 2 1
github.com/datarootsio/cheek/pkg/schedule.go:89.2,89.19 1 1
github.com/datarootsio/cheek/pkg/schedule.go:79.16,81.3 1 0
github.com/datarootsio/cheek/pkg/schedule.go:85.53,87.3 1 0
github.com/datarootsio/cheek/pkg/schedule.go:93.37,94.27 1 1
github.com/datarootsio/cheek/pkg/schedule.go:116.2,116.24 1 1
github.com/datarootsio/cheek/pkg/schedule.go:120.2,121.16 2 1
github.com/datarootsio/cheek/pkg/schedule.go:124.2,126.12 2 1
github.com/datarootsio/cheek/pkg/schedule.go:94.27,97.33 2 1
github.com/datarootsio/cheek/pkg/schedule.go:104.3,110.42 5 1
github.com/datarootsio/cheek/pkg/schedule.go:97.33,98.31 1 1
github.com/datarootsio/cheek/pkg/schedule.go:98.31,100.5 1 1
github.com/datarootsio/cheek/pkg/schedule.go:110.42,112.4 1 1
github.com/datarootsio/cheek/pkg/schedule.go:116.24,118.3 1 1
github.com/datarootsio/cheek/pkg/schedule.go:121.16,123.3 1 0
github.com/datarootsio/cheek/pkg/schedule.go:129.36,131.2 1 1
github.com/datarootsio/cheek/pkg/schedule.go:133.80,135.16 2 1
github.com/datarootsio/cheek/pkg/schedule.go:138.2,142.37 3 1
github.com/datarootsio/cheek/pkg/schedule.go:146.2,146.15 1 1
github.com/datarootsio/cheek/pkg/schedule.go:135.16,137.3 1 0
github.com/datarootsio/cheek/pkg/schedule.go:142.37,144.3 1 0
github.com/datarootsio/cheek/pkg/schedule.go:150.75,152.16 2 1
github.com/datarootsio/cheek/pkg/schedule.go:155.2,157.24 3 1
github.com/datarootsio/cheek/pkg/schedule.go:161.2,163.12 3 1
github.com/datarootsio/cheek/pkg/schedule.go:152.16,154.3 1 0
github.com/datarootsio/cheek/pkg/schedule.go:157.24,160.3 2 1
github.com/datarootsio/cheek/pkg/utils.go:27.25,35.2 1 1
github.com/datarootsio/cheek/pkg/utils.go:37.25,39.32 2 1
github.com/datarootsio/cheek/pkg/utils.go:48.2,50.10 2 1
github.com/datarootsio/cheek/pkg/utils.go:40.12,41.33 1 1
github.com/datarootsio/cheek/pkg/utils.go:42.10,45.31 3 1
github.com/datarootsio/cheek/pkg/utils.go:53.88,55.16 2 1
github.com/datarootsio/cheek/pkg/utils.go:59.2,60.29 2 1
github.com/datarootsio/cheek/pkg/utils.go:71.2,71.17 1 1
github.com/datarootsio/cheek/pkg/utils.go:55.16,57.3 1 0
github.com/datarootsio/cheek/pkg/utils.go:60.29,63.17 3 1
github.com/datarootsio/cheek/pkg/utils.go:68.3,68.24 1 1
github.com/datarootsio/cheek/pkg/utils.go:63.17,66.12 2 0
github.com/datarootsio/cheek/pkg/utils.go:74.67,76.16 2 1
github.com/datarootsio/cheek/pkg/utils.go:79.2,86.6 7 1
github.com/datarootsio/cheek/pkg/utils.go:118.2,118.19 1 1
github.com/datarootsio/cheek/pkg/utils.go:76.16,78.3 1 0
github.com/datarootsio/cheek/pkg/utils.go:86.6,89.17 3 1
github.com/datarootsio/cheek/pkg/utils.go:93.3,95.17 3 1
github.com/datarootsio/cheek/pkg/utils.go:100.3,100.55 1 1
github.com/datarootsio/cheek/pkg/utils.go:110.3,112.26 2 1
github.com/datarootsio/cheek/pkg/utils.go:89.17,91.4 1 0
github.com/datarootsio/cheek/pkg/utils.go:95.17,97.4 1 0
github.com/datarootsio/cheek/pkg/utils.go:100.55,103.42 2 1
github.com/datarootsio/cheek/pkg/utils.go:106.4,106.13 1 1
github.com/datarootsio/cheek/pkg/utils.go:103.42,104.10 1 1
github.com/datarootsio/cheek/pkg/utils.go:112.26,114.9 2 1
github.com/datarootsio/cheek/pkg/utils.go:121.44,122.15 1 1
github.com/datarootsio/cheek/pkg/utils.go:126.2,129.45 3 1
github.com/datarootsio/cheek/pkg/utils.go:132.2,134.16 2 1
github.com/datarootsio/cheek/pkg/utils.go:122.15,124.3 1 0
github.com/datarootsio/cheek/pkg/utils.go:129.45,131.3 1 1
github.com/datarootsio/cheek/pkg/utils.go:142.54,146.2 3 0
github.com/datarootsio/cheek/pkg/utils.go:148.55,152.2 3 1
github.com/datarootsio/cheek/pkg/utils.go:154.36,158.2 3 1
github.com/datarootsio/cheek/pkg/utils.go:160.28,164.2 3 0
github.com/datarootsio/cheek/pkg/utils.go:166.31,168.2 1 0
github.com/datarootsio/cheek/pkg/utils.go:170.33,175.16 3 1
github.com/datarootsio/cheek/pkg/utils.go:179.2,179.10 1 1
github.com/datarootsio/cheek/pkg/utils.go:175.16,178.3 2 0
github.com/datarootsio/cheek/pkg/utils.go:184.75,193.16 7 1
github.com/datarootsio/cheek/pkg/utils.go:197.2,197.68 1 1
github.com/datarootsio/cheek/pkg/utils.go:193.16,196.3 2 0
github.com/datarootsio/cheek/pkg/webhook.go:10.71,12.61 2 1
github.com/datarootsio/cheek/pkg/webhook.go:16.2,17.16 2 1
github.com/datarootsio/cheek/pkg/webhook.go:20.2,23.16 3 1
github.com/datarootsio/cheek/pkg/webhook.go:27.2,27.23 1 1
github.com/datarootsio/cheek/pkg/webhook.go:12.61,14.3 1 0
github.com/datarootsio/cheek/pkg/webhook.go:17.16,19.3 1 0
github.com/datarootsio/cheek/pkg/webhook.go:23.16,25.3 1 0
