mode: atomic
github.com/datarootsio/cheek/pkg/webhook.go:10.71,12.61 2 2
github.com/datarootsio/cheek/pkg/webhook.go:16.2,17.16 2 2
github.com/datarootsio/cheek/pkg/webhook.go:20.2,23.16 3 2
github.com/datarootsio/cheek/pkg/webhook.go:27.2,27.23 1 2
github.com/datarootsio/cheek/pkg/webhook.go:12.61,14.3 1 0
github.com/datarootsio/cheek/pkg/webhook.go:17.16,19.3 1 0
github.com/datarootsio/cheek/pkg/webhook.go:23.16,25.3 1 0
github.com/datarootsio/cheek/pkg/http.go:24.19,26.16 2 5
github.com/datarootsio/cheek/pkg/http.go:30.2,30.13 1 5
github.com/datarootsio/cheek/pkg/http.go:26.16,28.3 1 0
github.com/datarootsio/cheek/pkg/http.go:33.43,37.75 2 4
github.com/datarootsio/cheek/pkg/http.go:45.2,45.76 1 4
github.com/datarootsio/cheek/pkg/http.go:52.2,58.12 5 4
github.com/datarootsio/cheek/pkg/http.go:37.75,40.59 3 1
github.com/datarootsio/cheek/pkg/http.go:40.59,42.4 1 0
github.com/datarootsio/cheek/pkg/http.go:45.76,47.54 2 1
github.com/datarootsio/cheek/pkg/http.go:47.54,49.4 1 0
github.com/datarootsio/cheek/pkg/http.go:62.26,70.2 4 0
github.com/datarootsio/cheek/pkg/http.go:72.72,74.54 1 4
github.com/datarootsio/cheek/pkg/http.go:74.54,78.10 3 1
github.com/datarootsio/cheek/pkg/http.go:88.3,92.59 4 0
github.com/datarootsio/cheek/pkg/http.go:78.10,82.60 4 1
github.com/datarootsio/cheek/pkg/http.go:85.4,85.10 1 1
github.com/datarootsio/cheek/pkg/http.go:82.60,84.5 1 0
github.com/datarootsio/cheek/pkg/http.go:92.59,94.4 1 0
github.com/datarootsio/cheek/pkg/http.go:98.67,100.54 1 4
github.com/datarootsio/cheek/pkg/http.go:100.54,108.45 5 1
github.com/datarootsio/cheek/pkg/http.go:119.3,120.25 2 1
github.com/datarootsio/cheek/pkg/http.go:123.3,127.17 3 1
github.com/datarootsio/cheek/pkg/http.go:132.3,139.18 2 1
github.com/datarootsio/cheek/pkg/http.go:148.3,149.17 2 1
github.com/datarootsio/cheek/pkg/http.go:108.45,111.11 3 0
github.com/datarootsio/cheek/pkg/http.go:111.11,113.5 1 0
github.com/datarootsio/cheek/pkg/http.go:113.10,115.5 1 0
github.com/datarootsio/cheek/pkg/http.go:120.25,122.4 1 0
github.com/datarootsio/cheek/pkg/http.go:127.17,130.4 2 0
github.com/datarootsio/cheek/pkg/http.go:139.18,142.29 1 1
github.com/datarootsio/cheek/pkg/http.go:145.4,145.26 1 1
github.com/datarootsio/cheek/pkg/http.go:142.29,144.5 1 0
github.com/datarootsio/cheek/pkg/http.go:149.17,152.4 2 0
github.com/datarootsio/cheek/pkg/job.go:56.36,58.2 1 6
github.com/datarootsio/cheek/pkg/job.go:60.30,64.16 3 2
github.com/datarootsio/cheek/pkg/job.go:68.2,70.53 2 2
github.com/datarootsio/cheek/pkg/job.go:64.16,67.3 2 0
github.com/datarootsio/cheek/pkg/job.go:70.53,72.3 1 0
github.com/datarootsio/cheek/pkg/job.go:75.40,82.2 3 1
github.com/datarootsio/cheek/pkg/job.go:84.56,89.26 4 0
github.com/datarootsio/cheek/pkg/job.go:89.26,91.10 1 0
github.com/datarootsio/cheek/pkg/job.go:99.3,101.21 2 0
github.com/datarootsio/cheek/pkg/job.go:104.3,106.22 3 0
github.com/datarootsio/cheek/pkg/job.go:92.19,93.31 1 0
github.com/datarootsio/cheek/pkg/job.go:94.11,95.67 1 0
github.com/datarootsio/cheek/pkg/job.go:101.21,102.9 1 0
github.com/datarootsio/cheek/pkg/job.go:111.54,119.24 5 12
github.com/datarootsio/cheek/pkg/job.go:135.2,136.26 2 11
github.com/datarootsio/cheek/pkg/job.go:140.2,141.28 2 11
github.com/datarootsio/cheek/pkg/job.go:149.2,153.16 4 11
github.com/datarootsio/cheek/pkg/job.go:167.2,167.35 1 9
github.com/datarootsio/cheek/pkg/job.go:176.2,179.11 3 9
github.com/datarootsio/cheek/pkg/job.go:120.9,124.20 4 1
github.com/datarootsio/cheek/pkg/job.go:127.3,127.12 1 1
github.com/datarootsio/cheek/pkg/job.go:128.9,129.35 1 3
github.com/datarootsio/cheek/pkg/job.go:130.10,131.53 1 8
github.com/datarootsio/cheek/pkg/job.go:124.20,126.4 1 1
github.com/datarootsio/cheek/pkg/job.go:136.26,138.3 1 2
github.com/datarootsio/cheek/pkg/job.go:142.12,143.17 1 2
github.com/datarootsio/cheek/pkg/job.go:144.10,145.44 1 9
github.com/datarootsio/cheek/pkg/job.go:153.16,154.20 1 2
github.com/datarootsio/cheek/pkg/job.go:157.3,160.17 3 2
github.com/datarootsio/cheek/pkg/job.go:164.3,164.12 1 2
github.com/datarootsio/cheek/pkg/job.go:154.20,156.4 1 1
github.com/datarootsio/cheek/pkg/job.go:160.17,162.4 1 0
github.com/datarootsio/cheek/pkg/job.go:167.35,168.49 1 0
github.com/datarootsio/cheek/pkg/job.go:173.3,173.12 1 0
github.com/datarootsio/cheek/pkg/job.go:168.49,171.4 2 0
github.com/datarootsio/cheek/pkg/job.go:182.30,186.16 4 1
github.com/datarootsio/cheek/pkg/job.go:189.2,189.14 1 1
github.com/datarootsio/cheek/pkg/job.go:186.16,188.3 1 0
github.com/datarootsio/cheek/pkg/job.go:192.40,193.18 1 10
github.com/datarootsio/cheek/pkg/job.go:199.2,199.12 1 7
github.com/datarootsio/cheek/pkg/job.go:193.18,195.29 2 8
github.com/datarootsio/cheek/pkg/job.go:195.29,197.4 1 3
github.com/datarootsio/cheek/pkg/job.go:202.39,206.24 3 2
github.com/datarootsio/cheek/pkg/job.go:223.2,225.35 2 2
github.com/datarootsio/cheek/pkg/job.go:236.2,236.36 1 2
github.com/datarootsio/cheek/pkg/job.go:249.2,249.11 1 2
github.com/datarootsio/cheek/pkg/job.go:207.12,210.30 3 2
github.com/datarootsio/cheek/pkg/job.go:214.13,217.30 3 0
github.com/datarootsio/cheek/pkg/job.go:210.30,213.4 2 1
github.com/datarootsio/cheek/pkg/job.go:217.30,220.4 2 0
github.com/datarootsio/cheek/pkg/job.go:225.35,229.31 4 0
github.com/datarootsio/cheek/pkg/job.go:229.31,232.4 2 0
github.com/datarootsio/cheek/pkg/job.go:236.36,239.50 3 1
github.com/datarootsio/cheek/pkg/job.go:239.50,242.18 3 1
github.com/datarootsio/cheek/pkg/job.go:245.4,245.123 1 1
github.com/datarootsio/cheek/pkg/job.go:242.18,244.5 1 0
github.com/datarootsio/cheek/pkg/job.go:252.59,253.18 1 0
github.com/datarootsio/cheek/pkg/job.go:257.2,258.16 2 0
github.com/datarootsio/cheek/pkg/job.go:261.2,261.27 1 0
github.com/datarootsio/cheek/pkg/job.go:253.18,255.3 1 0
github.com/datarootsio/cheek/pkg/job.go:258.16,260.3 1 0
github.com/datarootsio/cheek/pkg/job.go:264.41,266.29 2 0
github.com/datarootsio/cheek/pkg/job.go:269.2,269.10 1 0
github.com/datarootsio/cheek/pkg/job.go:266.29,268.3 1 0
github.com/datarootsio/cheek/pkg/job.go:273.96,275.16 2 1
github.com/datarootsio/cheek/pkg/job.go:279.2,279.29 1 1
github.com/datarootsio/cheek/pkg/job.go:287.2,287.87 1 0
github.com/datarootsio/cheek/pkg/job.go:275.16,278.3 2 0
github.com/datarootsio/cheek/pkg/job.go:279.29,280.26 1 2
github.com/datarootsio/cheek/pkg/job.go:280.26,284.4 3 1
github.com/datarootsio/cheek/pkg/schedule.go:31.26,37.6 5 0
github.com/datarootsio/cheek/pkg/schedule.go:37.6,38.10 1 0
github.com/datarootsio/cheek/pkg/schedule.go:39.19,40.29 1 0
github.com/datarootsio/cheek/pkg/schedule.go:53.22,55.10 2 0
github.com/datarootsio/cheek/pkg/schedule.go:40.29,41.21 1 0
github.com/datarootsio/cheek/pkg/schedule.go:44.5,46.12 2 0
github.com/datarootsio/cheek/pkg/schedule.go:41.21,42.14 1 0
github.com/datarootsio/cheek/pkg/schedule.go:46.12,47.26 1 0
github.com/datarootsio/cheek/pkg/schedule.go:47.26,49.7 1 0
github.com/datarootsio/cheek/pkg/schedule.go:62.78,65.16 3 8
github.com/datarootsio/cheek/pkg/schedule.go:75.2,75.12 1 8
github.com/datarootsio/cheek/pkg/schedule.go:65.16,68.17 3 5
github.com/datarootsio/cheek/pkg/schedule.go:71.3,71.30 1 5
github.com/datarootsio/cheek/pkg/schedule.go:68.17,70.4 1 0
github.com/datarootsio/cheek/pkg/schedule.go:72.8,74.3 1 3
github.com/datarootsio/cheek/pkg/schedule.go:78.45,80.16 2 1
github.com/datarootsio/cheek/pkg/schedule.go:84.2,86.53 2 1
github.com/datarootsio/cheek/pkg/schedule.go:90.2,90.19 1 1
github.com/datarootsio/cheek/pkg/schedule.go:80.16,82.3 1 0
github.com/datarootsio/cheek/pkg/schedule.go:86.53,88.3 1 0
github.com/datarootsio/cheek/pkg/schedule.go:94.37,95.27 1 5
github.com/datarootsio/cheek/pkg/schedule.go:117.2,117.24 1 3
github.com/datarootsio/cheek/pkg/schedule.go:121.2,122.16 2 3
github.com/datarootsio/cheek/pkg/schedule.go:125.2,127.12 2 3
github.com/datarootsio/cheek/pkg/schedule.go:95.27,98.33 2 7
github.com/datarootsio/cheek/pkg/schedule.go:105.3,111.42 5 6
github.com/datarootsio/cheek/pkg/schedule.go:98.33,99.31 1 2
github.com/datarootsio/cheek/pkg/schedule.go:99.31,101.5 1 1
github.com/datarootsio/cheek/pkg/schedule.go:111.42,113.4 1 1
github.com/datarootsio/cheek/pkg/schedule.go:117.24,119.3 1 1
github.com/datarootsio/cheek/pkg/schedule.go:122.16,124.3 1 0
github.com/datarootsio/cheek/pkg/schedule.go:130.36,132.2 1 2
github.com/datarootsio/cheek/pkg/schedule.go:134.80,136.16 2 1
github.com/datarootsio/cheek/pkg/schedule.go:139.2,143.37 3 1
github.com/datarootsio/cheek/pkg/schedule.go:147.2,147.15 1 1
github.com/datarootsio/cheek/pkg/schedule.go:136.16,138.3 1 0
github.com/datarootsio/cheek/pkg/schedule.go:143.37,145.3 1 0
github.com/datarootsio/cheek/pkg/schedule.go:151.75,153.16 2 0
github.com/datarootsio/cheek/pkg/schedule.go:156.2,158.29 3 0
github.com/datarootsio/cheek/pkg/schedule.go:162.2,164.12 3 0
github.com/datarootsio/cheek/pkg/schedule.go:153.16,155.3 1 0
github.com/datarootsio/cheek/pkg/schedule.go:158.29,161.3 2 0
github.com/datarootsio/cheek/pkg/utils.go:27.25,35.2 1 17
github.com/datarootsio/cheek/pkg/utils.go:37.25,39.32 2 23
github.com/datarootsio/cheek/pkg/utils.go:48.2,50.10 2 23
github.com/datarootsio/cheek/pkg/utils.go:40.12,41.33 1 1
github.com/datarootsio/cheek/pkg/utils.go:42.10,45.31 3 22
github.com/datarootsio/cheek/pkg/utils.go:53.88,55.16 2 1
github.com/datarootsio/cheek/pkg/utils.go:59.2,60.29 2 1
github.com/datarootsio/cheek/pkg/utils.go:71.2,71.17 1 1
github.com/datarootsio/cheek/pkg/utils.go:55.16,57.3 1 0
github.com/datarootsio/cheek/pkg/utils.go:60.29,63.17 3 10
github.com/datarootsio/cheek/pkg/utils.go:68.3,68.24 1 10
github.com/datarootsio/cheek/pkg/utils.go:63.17,66.12 2 0
github.com/datarootsio/cheek/pkg/utils.go:74.67,76.16 2 4
github.com/datarootsio/cheek/pkg/utils.go:79.2,86.6 7 4
github.com/datarootsio/cheek/pkg/utils.go:118.2,118.19 1 4
github.com/datarootsio/cheek/pkg/utils.go:76.16,78.3 1 0
github.com/datarootsio/cheek/pkg/utils.go:86.6,89.17 3 1161
github.com/datarootsio/cheek/pkg/utils.go:93.3,95.17 3 1161
github.com/datarootsio/cheek/pkg/utils.go:100.3,100.55 1 1161
github.com/datarootsio/cheek/pkg/utils.go:110.3,112.26 2 1159
github.com/datarootsio/cheek/pkg/utils.go:89.17,91.4 1 0
github.com/datarootsio/cheek/pkg/utils.go:95.17,97.4 1 0
github.com/datarootsio/cheek/pkg/utils.go:100.55,103.42 2 18
github.com/datarootsio/cheek/pkg/utils.go:106.4,106.13 1 16
github.com/datarootsio/cheek/pkg/utils.go:103.42,104.10 1 2
github.com/datarootsio/cheek/pkg/utils.go:112.26,114.9 2 2
github.com/datarootsio/cheek/pkg/utils.go:121.44,122.15 1 2
github.com/datarootsio/cheek/pkg/utils.go:126.2,129.45 3 2
github.com/datarootsio/cheek/pkg/utils.go:132.2,134.16 2 2
github.com/datarootsio/cheek/pkg/utils.go:122.15,124.3 1 0
github.com/datarootsio/cheek/pkg/utils.go:129.45,131.3 1 4
github.com/datarootsio/cheek/pkg/utils.go:142.54,146.2 3 0
github.com/datarootsio/cheek/pkg/utils.go:148.55,152.2 3 2
github.com/datarootsio/cheek/pkg/utils.go:154.36,158.2 3 1
github.com/datarootsio/cheek/pkg/utils.go:160.28,164.2 3 0
github.com/datarootsio/cheek/pkg/utils.go:166.31,168.2 1 0
github.com/datarootsio/cheek/pkg/utils.go:170.33,175.16 3 1
github.com/datarootsio/cheek/pkg/utils.go:179.2,179.10 1 1
github.com/datarootsio/cheek/pkg/utils.go:175.16,178.3 2 0
github.com/datarootsio/cheek/pkg/utils.go:184.75,193.16 7 1
github.com/datarootsio/cheek/pkg/utils.go:197.2,197.68 1 1
github.com/datarootsio/cheek/pkg/utils.go:193.16,196.3 2 0
github.com/datarootsio/cheek/cmd/run.go:25.54,27.45 2 1
github.com/datarootsio/cheek/cmd/run.go:31.3,32.42 2 1
github.com/datarootsio/cheek/cmd/run.go:27.45,30.4 2 0
github.com/datarootsio/cheek/cmd/run.go:36.13,41.2 4 1
github.com/datarootsio/cheek/cmd/trigger.go:19.54,21.45 2 1
github.com/datarootsio/cheek/cmd/trigger.go:24.3,26.13 3 1
github.com/datarootsio/cheek/cmd/trigger.go:21.45,23.4 1 0
github.com/datarootsio/cheek/cmd/trigger.go:30.13,32.2 1 1
github.com/datarootsio/cheek/cmd/version.go:15.47,17.3 1 1
github.com/datarootsio/cheek/cmd/version.go:20.13,22.2 1 1
github.com/datarootsio/cheek/cmd/root.go:28.16,30.2 1 0
github.com/datarootsio/cheek/cmd/root.go:32.13,36.2 3 1
github.com/datarootsio/cheek/cmd/root.go:39.19,47.90 4 5
github.com/datarootsio/cheek/cmd/root.go:51.2,51.106 1 5
github.com/datarootsio/cheek/cmd/root.go:55.2,55.98 1 5
github.com/datarootsio/cheek/cmd/root.go:59.2,59.93 1 5
github.com/datarootsio/cheek/cmd/root.go:63.2,63.96 1 5
github.com/datarootsio/cheek/cmd/root.go:47.90,49.3 1 0
github.com/datarootsio/cheek/cmd/root.go:51.106,53.3 1 0
github.com/datarootsio/cheek/cmd/root.go:55.98,57.3 1 0
github.com/datarootsio/cheek/cmd/root.go:59.93,61.3 1 0
github.com/datarootsio/cheek/cmd/root.go:63.96,65.3 1 0
